<?xml version="1.0" encoding="UTF-8"?>
<testng-results ignored="0" total="1" passed="1" failed="0" skipped="0">
  <reporter-output>
  </reporter-output>
  <suite started-at="2023-05-18T10:22:14 IST" name="Default suite" finished-at="2023-05-18T10:22:15 IST" duration-ms="1091">
    <groups>
    </groups>
    <test started-at="2023-05-18T10:22:14 IST" name="Default test" finished-at="2023-05-18T10:22:15 IST" duration-ms="1091">
      <class name="REST_ASSURED.Assignment6">
        <test-method signature="test_deleteUser()[pri:0, instance:REST_ASSURED.Assignment6@ea6147e]" started-at="2023-05-18T10:22:14 IST" name="test_deleteUser" finished-at="2023-05-18T10:22:15 IST" duration-ms="1078" status="PASS">
          <reporter-output>
          </reporter-output>
        </test-method> <!-- test_deleteUser -->
      </class> <!-- REST_ASSURED.Assignment6 -->
    </test> <!-- Default test -->
  </suite> <!-- Default suite -->
</testng-results>
